<?xml version="1.0" encoding="UTF-8"?>
<testng-results ignored="0" total="1" passed="1" failed="0" skipped="0">
  <reporter-output>
  </reporter-output>
  <suite started-at="2026-04-23T19:31:02 IST" name="Default suite" finished-at="2026-04-23T19:31:09 IST" duration-ms="7239">
    <groups>
    </groups>
    <test started-at="2026-04-23T19:31:02 IST" name="Default test" finished-at="2026-04-23T19:31:09 IST" duration-ms="7239">
      <class name="practicePage.practicePage.testCase1">
        <test-method is-config="true" signature="loadConfig()[pri:0, instance:practicePage.practicePage.testCase1@6caf0677]" started-at="2026-04-23T19:31:02 IST" name="loadConfig" finished-at="2026-04-23T19:31:02 IST" duration-ms="17" status="PASS">
          <reporter-output>
          </reporter-output>
        </test-method> <!-- loadConfig -->
        <test-method is-config="true" signature="setUp()[pri:0, instance:practicePage.practicePage.testCase1@6caf0677]" started-at="2026-04-23T19:31:02 IST" name="setUp" finished-at="2026-04-23T19:31:08 IST" duration-ms="5499" status="PASS">
          <reporter-output>
          </reporter-output>
        </test-method> <!-- setUp -->
        <test-method is-config="true" signature="setUpPage()[pri:0, instance:practicePage.practicePage.testCase1@6caf0677]" started-at="2026-04-23T19:31:08 IST" name="setUpPage" finished-at="2026-04-23T19:31:08 IST" duration-ms="16" status="PASS">
          <reporter-output>
          </reporter-output>
        </test-method> <!-- setUpPage -->
        <test-method signature="verifyValidLogin()[pri:0, instance:practicePage.practicePage.testCase1@6caf0677]" started-at="2026-04-23T19:31:08 IST" name="verifyValidLogin" finished-at="2026-04-23T19:31:09 IST" duration-ms="1360" status="PASS">
          <reporter-output>
          </reporter-output>
        </test-method> <!-- verifyValidLogin -->
        <test-method is-config="true" signature="tearDown()[pri:0, instance:practicePage.practicePage.testCase1@6caf0677]" started-at="2026-04-23T19:31:09 IST" name="tearDown" finished-at="2026-04-23T19:31:09 IST" duration-ms="317" status="PASS">
          <reporter-output>
          </reporter-output>
        </test-method> <!-- tearDown -->
      </class> <!-- practicePage.practicePage.testCase1 -->
    </test> <!-- Default test -->
  </suite> <!-- Default suite -->
</testng-results>
